<?xml version="1.0" encoding="UTF-8"?>
<testsuite xmlns:xsi="http://www.w3.org/2001/XMLSchema-instance" xsi:noNamespaceSchemaLocation="https://maven.apache.org/surefire/maven-surefire-plugin/xsd/surefire-test-report-3.0.xsd" version="3.0" name="testservices.UnitTest_KhachHangServices" time="0.392" tests="21" errors="0" skipped="0" failures="0">
  <properties>
    <property name="java.specification.version" value="22"/>
    <property name="sun.cpu.isalist" value="amd64"/>
    <property name="sun.jnu.encoding" value="Cp1252"/>
    <property name="java.class.path" value="D:\testing_course\javafxproject\target\test-classes;C:\Users\Nguyen Ky\.m2\repository\org\openjfx\javafx-controls\21\javafx-controls-21.jar;C:\Users\Nguyen Ky\.m2\repository\org\openjfx\javafx-graphics\21\javafx-graphics-21.jar;C:\Users\Nguyen Ky\.m2\repository\org\openjfx\javafx-base\21\javafx-base-21.jar;C:\Users\Nguyen Ky\.m2\repository\org\openjfx\javafx-fxml\21\javafx-fxml-21.jar;C:\Users\Nguyen Ky\.m2\repository\com\mysql\mysql-connector-j\8.0.33\mysql-connector-j-8.0.33.jar;C:\Users\Nguyen Ky\.m2\repository\com\google\protobuf\protobuf-java\3.21.9\protobuf-java-3.21.9.jar;C:\Users\Nguyen Ky\.m2\repository\org\junit\jupiter\junit-jupiter-api\5.6.0\junit-jupiter-api-5.6.0.jar;C:\Users\Nguyen Ky\.m2\repository\org\apiguardian\apiguardian-api\1.1.0\apiguardian-api-1.1.0.jar;C:\Users\Nguyen Ky\.m2\repository\org\opentest4j\opentest4j\1.2.0\opentest4j-1.2.0.jar;C:\Users\Nguyen Ky\.m2\repository\org\junit\platform\junit-platform-commons\1.6.0\junit-platform-commons-1.6.0.jar;C:\Users\Nguyen Ky\.m2\repository\org\junit\jupiter\junit-jupiter-params\5.6.0\junit-jupiter-params-5.6.0.jar;C:\Users\Nguyen Ky\.m2\repository\org\junit\jupiter\junit-jupiter-engine\5.6.0\junit-jupiter-engine-5.6.0.jar;C:\Users\Nguyen Ky\.m2\repository\org\junit\platform\junit-platform-engine\1.6.0\junit-platform-engine-1.6.0.jar;"/>
    <property name="java.vm.vendor" value="Oracle Corporation"/>
    <property name="sun.arch.data.model" value="64"/>
    <property name="user.variant" value=""/>
    <property name="java.vendor.url" value="https://java.oracle.com/"/>
    <property name="user.timezone" value="Asia/Bangkok"/>
    <property name="os.name" value="Windows 10"/>
    <property name="java.vm.specification.version" value="22"/>
    <property name="user.country" value="US"/>
    <property name="sun.java.launcher" value="SUN_STANDARD"/>
    <property name="sun.boot.library.path" value="C:\Program Files\Java\jdk-22\bin"/>
    <property name="sun.java.command" value="org.apache.maven.surefire.booter.ForkedBooter C:\Users\Nguyen Ky\AppData\Local\Temp\surefire6297165325906089871 2024-03-27T12-52-15_410-jvmRun1 surefire-20240327125215981_1tmp surefire_0-20240327125215981_2tmp"/>
    <property name="jdk.debug" value="release"/>
    <property name="test" value="testservices.UnitTest_KhachHangServices#testKiemTraDuLieuKhachHangHopLe"/>
    <property name="surefire.test.class.path" value="D:\testing_course\javafxproject\target\test-classes;C:\Users\Nguyen Ky\.m2\repository\org\openjfx\javafx-controls\21\javafx-controls-21.jar;C:\Users\Nguyen Ky\.m2\repository\org\openjfx\javafx-graphics\21\javafx-graphics-21.jar;C:\Users\Nguyen Ky\.m2\repository\org\openjfx\javafx-base\21\javafx-base-21.jar;C:\Users\Nguyen Ky\.m2\repository\org\openjfx\javafx-fxml\21\javafx-fxml-21.jar;C:\Users\Nguyen Ky\.m2\repository\com\mysql\mysql-connector-j\8.0.33\mysql-connector-j-8.0.33.jar;C:\Users\Nguyen Ky\.m2\repository\com\google\protobuf\protobuf-java\3.21.9\protobuf-java-3.21.9.jar;C:\Users\Nguyen Ky\.m2\repository\org\junit\jupiter\junit-jupiter-api\5.6.0\junit-jupiter-api-5.6.0.jar;C:\Users\Nguyen Ky\.m2\repository\org\apiguardian\apiguardian-api\1.1.0\apiguardian-api-1.1.0.jar;C:\Users\Nguyen Ky\.m2\repository\org\opentest4j\opentest4j\1.2.0\opentest4j-1.2.0.jar;C:\Users\Nguyen Ky\.m2\repository\org\junit\platform\junit-platform-commons\1.6.0\junit-platform-commons-1.6.0.jar;C:\Users\Nguyen Ky\.m2\repository\org\junit\jupiter\junit-jupiter-params\5.6.0\junit-jupiter-params-5.6.0.jar;C:\Users\Nguyen Ky\.m2\repository\org\junit\jupiter\junit-jupiter-engine\5.6.0\junit-jupiter-engine-5.6.0.jar;C:\Users\Nguyen Ky\.m2\repository\org\junit\platform\junit-platform-engine\1.6.0\junit-platform-engine-1.6.0.jar;"/>
    <property name="sun.cpu.endian" value="little"/>
    <property name="user.home" value="C:\Users\Nguyen Ky"/>
    <property name="user.language" value="en"/>
    <property name="java.specification.vendor" value="Oracle Corporation"/>
    <property name="jdk.module.path" value="D:\testing_course\javafxproject\target\classes;C:\Users\Nguyen Ky\.m2\repository\org\openjfx\javafx-controls\21\javafx-controls-21-win.jar;C:\Users\Nguyen Ky\.m2\repository\org\openjfx\javafx-graphics\21\javafx-graphics-21-win.jar;C:\Users\Nguyen Ky\.m2\repository\org\openjfx\javafx-base\21\javafx-base-21-win.jar;C:\Users\Nguyen Ky\.m2\repository\org\openjfx\javafx-fxml\21\javafx-fxml-21-win.jar"/>
    <property name="java.version.date" value="2024-03-19"/>
    <property name="java.home" value="C:\Program Files\Java\jdk-22"/>
    <property name="file.separator" value="\"/>
    <property name="basedir" value="D:\testing_course\javafxproject"/>
    <property name="java.vm.compressedOopsMode" value="32-bit"/>
    <property name="line.separator" value="&#10;"/>
    <property name="java.vm.specification.vendor" value="Oracle Corporation"/>
    <property name="java.specification.name" value="Java Platform API Specification"/>
    <property name="surefire.real.class.path" value="C:\Users\Nguyen Ky\.m2\repository\org\apache\maven\surefire\surefire-booter\3.2.2\surefire-booter-3.2.2.jar;C:\Users\Nguyen Ky\.m2\repository\org\apache\maven\surefire\surefire-api\3.2.2\surefire-api-3.2.2.jar;C:\Users\Nguyen Ky\.m2\repository\org\apache\maven\surefire\surefire-logger-api\3.2.2\surefire-logger-api-3.2.2.jar;C:\Users\Nguyen Ky\.m2\repository\org\apache\maven\surefire\surefire-shared-utils\3.2.2\surefire-shared-utils-3.2.2.jar;C:\Users\Nguyen Ky\.m2\repository\org\apache\maven\surefire\surefire-extensions-spi\3.2.2\surefire-extensions-spi-3.2.2.jar;D:\testing_course\javafxproject\target\test-classes;C:\Users\Nguyen Ky\.m2\repository\org\openjfx\javafx-controls\21\javafx-controls-21.jar;C:\Users\Nguyen Ky\.m2\repository\org\openjfx\javafx-graphics\21\javafx-graphics-21.jar;C:\Users\Nguyen Ky\.m2\repository\org\openjfx\javafx-base\21\javafx-base-21.jar;C:\Users\Nguyen Ky\.m2\repository\org\openjfx\javafx-fxml\21\javafx-fxml-21.jar;C:\Users\Nguyen Ky\.m2\repository\com\mysql\mysql-connector-j\8.0.33\mysql-connector-j-8.0.33.jar;C:\Users\Nguyen Ky\.m2\repository\com\google\protobuf\protobuf-java\3.21.9\protobuf-java-3.21.9.jar;C:\Users\Nguyen Ky\.m2\repository\org\junit\jupiter\junit-jupiter-api\5.6.0\junit-jupiter-api-5.6.0.jar;C:\Users\Nguyen Ky\.m2\repository\org\apiguardian\apiguardian-api\1.1.0\apiguardian-api-1.1.0.jar;C:\Users\Nguyen Ky\.m2\repository\org\opentest4j\opentest4j\1.2.0\opentest4j-1.2.0.jar;C:\Users\Nguyen Ky\.m2\repository\org\junit\platform\junit-platform-commons\1.6.0\junit-platform-commons-1.6.0.jar;C:\Users\Nguyen Ky\.m2\repository\org\junit\jupiter\junit-jupiter-params\5.6.0\junit-jupiter-params-5.6.0.jar;C:\Users\Nguyen Ky\.m2\repository\org\junit\jupiter\junit-jupiter-engine\5.6.0\junit-jupiter-engine-5.6.0.jar;C:\Users\Nguyen Ky\.m2\repository\org\junit\platform\junit-platform-engine\1.6.0\junit-platform-engine-1.6.0.jar;C:\Users\Nguyen Ky\.m2\repository\org\apache\maven\surefire\surefire-junit-platform\3.2.2\surefire-junit-platform-3.2.2.jar;C:\Users\Nguyen Ky\.m2\repository\org\apache\maven\surefire\common-java5\3.2.2\common-java5-3.2.2.jar;C:\Users\Nguyen Ky\.m2\repository\org\junit\platform\junit-platform-launcher\1.6.0\junit-platform-launcher-1.6.0.jar"/>
    <property name="user.script" value=""/>
    <property name="sun.management.compiler" value="HotSpot 64-Bit Tiered Compilers"/>
    <property name="java.runtime.version" value="22+36-2370"/>
    <property name="user.name" value="Nguyen Ky"/>
    <property name="stdout.encoding" value="Cp1252"/>
    <property name="path.separator" value=";"/>
    <property name="os.version" value="10.0"/>
    <property name="java.runtime.name" value="Java(TM) SE Runtime Environment"/>
    <property name="file.encoding" value="UTF-8"/>
    <property name="java.vm.name" value="Java HotSpot(TM) 64-Bit Server VM"/>
    <property name="maven.ext.class.path" value="C:\Program Files\NetBeans-21\netbeans\java\maven-nblib\netbeans-eventspy.jar"/>
    <property name="localRepository" value="C:\Users\Nguyen Ky\.m2\repository"/>
    <property name="java.vendor.url.bug" value="https://bugreport.java.com/bugreport/"/>
    <property name="java.io.tmpdir" value="C:\Users\NGUYEN~1\AppData\Local\Temp\"/>
    <property name="java.version" value="22"/>
    <property name="user.dir" value="D:\testing_course\javafxproject"/>
    <property name="os.arch" value="amd64"/>
    <property name="java.vm.specification.name" value="Java Virtual Machine Specification"/>
    <property name="sun.os.patch.level" value=""/>
    <property name="native.encoding" value="Cp1252"/>
    <property name="java.library.path" value="C:\Program Files\Java\jdk-22\bin;C:\WINDOWS\Sun\Java\bin;C:\WINDOWS\system32;C:\WINDOWS;C:\Program Files\Common Files\Oracle\Java\javapath;C:\Program Files (x86)\Common Files\Oracle\Java\javapath;C:\WINDOWS\system32;C:\WINDOWS;C:\WINDOWS\System32\Wbem;C:\WINDOWS\System32\WindowsPowerShell\v1.0\;C:\WINDOWS\System32\OpenSSH\;C:\Program Files\Git\cmd;C:\Program Files\nodejs\;C:\Program Files\Azure Data Studio\bin;C:\Program Files\Microsoft SQL Server\Client SDK\ODBC\170\Tools\Binn\;C:\Program Files (x86)\Microsoft SQL Server\150\Tools\Binn\;C:\Program Files\Microsoft SQL Server\150\Tools\Binn\;C:\Program Files\Microsoft SQL Server\150\DTS\Binn\;C:\Program Files (x86)\Microsoft SQL Server\160\DTS\Binn\;C:\Users\Nguyen Ky\AppData\Local\Programs\Python\Python312\Scripts\;C:\Users\Nguyen Ky\AppData\Local\Programs\Python\Python312\;C:\Users\Nguyen Ky\AppData\Local\Microsoft\WindowsApps;;C:\Users\Nguyen Ky\AppData\Local\Programs\Microsoft VS Code\bin;C:\Users\Nguyen Ky\AppData\Roaming\npm;C:\Program Files\Azure Data Studio\bin;."/>
    <property name="java.vm.info" value="mixed mode"/>
    <property name="stderr.encoding" value="Cp1252"/>
    <property name="java.vendor" value="Oracle Corporation"/>
    <property name="java.vm.version" value="22+36-2370"/>
    <property name="sun.io.unicode.encoding" value="UnicodeLittle"/>
    <property name="java.class.version" value="66.0"/>
  </properties>
  <testcase name="testKiemTraDuLieuKhachHangHopLe(String, String, String, int)[1]" classname="testservices.UnitTest_KhachHangServices" time="0.121"/>
  <testcase name="testKiemTraDuLieuKhachHangHopLe(String, String, String, int)[2]" classname="testservices.UnitTest_KhachHangServices" time="0.008"/>
  <testcase name="testKiemTraDuLieuKhachHangHopLe(String, String, String, int)[3]" classname="testservices.UnitTest_KhachHangServices" time="0.005"/>
  <testcase name="testKiemTraDuLieuKhachHangHopLe(String, String, String, int)[4]" classname="testservices.UnitTest_KhachHangServices" time="0.002"/>
  <testcase name="testKiemTraDuLieuKhachHangHopLe(String, String, String, int)[5]" classname="testservices.UnitTest_KhachHangServices" time="0.002"/>
  <testcase name="testKiemTraDuLieuKhachHangHopLe(String, String, String, int)[6]" classname="testservices.UnitTest_KhachHangServices" time="0.003"/>
  <testcase name="testKiemTraDuLieuKhachHangHopLe(String, String, String, int)[7]" classname="testservices.UnitTest_KhachHangServices" time="0.003"/>
  <testcase name="testKiemTraDuLieuKhachHangHopLe(String, String, String, int)[8]" classname="testservices.UnitTest_KhachHangServices" time="0.002"/>
  <testcase name="testKiemTraDuLieuKhachHangHopLe(String, String, String, int)[9]" classname="testservices.UnitTest_KhachHangServices" time="0.002"/>
  <testcase name="testKiemTraDuLieuKhachHangHopLe(String, String, String, int)[10]" classname="testservices.UnitTest_KhachHangServices" time="0.002"/>
  <testcase name="testKiemTraDuLieuKhachHangHopLe(String, String, String, int)[11]" classname="testservices.UnitTest_KhachHangServices" time="0.002"/>
  <testcase name="testKiemTraDuLieuKhachHangHopLe(String, String, String, int)[12]" classname="testservices.UnitTest_KhachHangServices" time="0.002"/>
  <testcase name="testKiemTraDuLieuKhachHangHopLe(String, String, String, int)[13]" classname="testservices.UnitTest_KhachHangServices" time="0.002"/>
  <testcase name="testKiemTraDuLieuKhachHangHopLe(String, String, String, int)[14]" classname="testservices.UnitTest_KhachHangServices" time="0.002"/>
  <testcase name="testKiemTraDuLieuKhachHangHopLe(String, String, String, int)[15]" classname="testservices.UnitTest_KhachHangServices" time="0.003"/>
  <testcase name="testKiemTraDuLieuKhachHangHopLe(String, String, String, int)[16]" classname="testservices.UnitTest_KhachHangServices" time="0.002"/>
  <testcase name="testKiemTraDuLieuKhachHangHopLe(String, String, String, int)[17]" classname="testservices.UnitTest_KhachHangServices" time="0.002"/>
  <testcase name="testKiemTraDuLieuKhachHangHopLe(String, String, String, int)[18]" classname="testservices.UnitTest_KhachHangServices" time="0.002"/>
  <testcase name="testKiemTraDuLieuKhachHangHopLe(String, String, String, int)[19]" classname="testservices.UnitTest_KhachHangServices" time="0.002"/>
  <testcase name="testKiemTraDuLieuKhachHangHopLe(String, String, String, int)[20]" classname="testservices.UnitTest_KhachHangServices" time="0.002"/>
  <testcase name="testKiemTraDuLieuKhachHangHopLe(String, String, String, int)[21]" classname="testservices.UnitTest_KhachHangServices" time="0.002"/>
</testsuite>